2026-02-26 04:05:48,115 | INFO | Log file: results/logs/generated_sql_20260226_040548.log
2026-02-26 04:06:07,175 | INFO | Checkpoint saved at batch 1 (processed 50 since last save).
2026-02-26 04:06:08,399 | INFO | Checkpoint saved at batch 1 (processed 50 since last save).
2026-02-26 04:06:09,028 | INFO | Batch 1/12 processed=128 elapsed=20.83s throughput=6.14 rec/s completed=128/1500 success=128 error=0
2026-02-26 04:06:26,996 | INFO | Checkpoint saved at batch 2 (processed 50 since last save).
2026-02-26 04:06:28,213 | INFO | Checkpoint saved at batch 2 (processed 50 since last save).
2026-02-26 04:06:29,433 | INFO | Checkpoint saved at batch 2 (processed 50 since last save).
2026-02-26 04:06:29,568 | INFO | Batch 2/12 processed=128 elapsed=20.54s throughput=6.23 rec/s completed=256/1500 success=256 error=0
2026-02-26 04:06:47,126 | INFO | Checkpoint saved at batch 3 (processed 50 since last save).
2026-02-26 04:06:48,354 | INFO | Checkpoint saved at batch 3 (processed 50 since last save).
2026-02-26 04:06:49,159 | INFO | Batch 3/12 processed=128 elapsed=19.59s throughput=6.53 rec/s completed=384/1500 success=384 error=0
2026-02-26 04:07:06,973 | INFO | Checkpoint saved at batch 4 (processed 50 since last save).
2026-02-26 04:07:08,208 | INFO | Checkpoint saved at batch 4 (processed 50 since last save).
2026-02-26 04:07:09,439 | INFO | Checkpoint saved at batch 4 (processed 50 since last save).
2026-02-26 04:07:09,714 | INFO | Batch 4/12 processed=128 elapsed=20.56s throughput=6.23 rec/s completed=512/1500 success=512 error=0
2026-02-26 04:07:27,180 | INFO | Checkpoint saved at batch 5 (processed 50 since last save).
2026-02-26 04:07:28,476 | INFO | Checkpoint saved at batch 5 (processed 50 since last save).
2026-02-26 04:07:29,417 | INFO | Batch 5/12 processed=128 elapsed=19.70s throughput=6.50 rec/s completed=640/1500 success=640 error=0
2026-02-26 04:07:46,803 | INFO | Checkpoint saved at batch 6 (processed 50 since last save).
2026-02-26 04:07:48,100 | INFO | Checkpoint saved at batch 6 (processed 50 since last save).
2026-02-26 04:07:49,337 | INFO | Checkpoint saved at batch 6 (processed 50 since last save).
2026-02-26 04:07:49,735 | INFO | Batch 6/12 processed=128 elapsed=20.32s throughput=6.30 rec/s completed=768/1500 success=768 error=0
2026-02-26 04:08:07,227 | INFO | Checkpoint saved at batch 7 (processed 50 since last save).
2026-02-26 04:08:08,460 | INFO | Checkpoint saved at batch 7 (processed 50 since last save).
2026-02-26 04:08:09,550 | INFO | Batch 7/12 processed=128 elapsed=19.81s throughput=6.46 rec/s completed=896/1500 success=896 error=0
2026-02-26 04:08:26,668 | INFO | Checkpoint saved at batch 8 (processed 50 since last save).
2026-02-26 04:08:27,937 | INFO | Checkpoint saved at batch 8 (processed 50 since last save).
2026-02-26 04:08:29,206 | INFO | Checkpoint saved at batch 8 (processed 50 since last save).
2026-02-26 04:08:29,787 | INFO | Batch 8/12 processed=128 elapsed=20.24s throughput=6.33 rec/s completed=1024/1500 success=1024 error=0
2026-02-26 04:08:46,939 | INFO | Checkpoint saved at batch 9 (processed 50 since last save).
2026-02-26 04:08:48,182 | INFO | Checkpoint saved at batch 9 (processed 50 since last save).
2026-02-26 04:08:49,443 | INFO | Checkpoint saved at batch 9 (processed 50 since last save).
2026-02-26 04:08:49,488 | INFO | Batch 9/12 processed=128 elapsed=19.70s throughput=6.50 rec/s completed=1152/1500 success=1152 error=0
2026-02-26 04:09:06,556 | INFO | Checkpoint saved at batch 10 (processed 50 since last save).
2026-02-26 04:09:07,851 | INFO | Checkpoint saved at batch 10 (processed 50 since last save).
2026-02-26 04:09:08,576 | INFO | Batch 10/12 processed=128 elapsed=19.09s throughput=6.71 rec/s completed=1280/1500 success=1280 error=0
2026-02-26 04:09:25,257 | INFO | Checkpoint saved at batch 11 (processed 50 since last save).
2026-02-26 04:09:26,590 | INFO | Checkpoint saved at batch 11 (processed 50 since last save).
2026-02-26 04:09:27,868 | INFO | Checkpoint saved at batch 11 (processed 50 since last save).
2026-02-26 04:09:28,052 | INFO | Batch 11/12 processed=128 elapsed=19.48s throughput=6.57 rec/s completed=1408/1500 success=1408 error=0
2026-02-26 04:09:40,950 | INFO | Checkpoint saved at batch 12 (processed 50 since last save).
2026-02-26 04:09:42,244 | INFO | Checkpoint saved at batch 12 (processed 50 since last save).
2026-02-26 04:09:42,244 | INFO | Batch 12/12 processed=92 elapsed=14.19s throughput=6.48 rec/s completed=1500/1500 success=1500 error=0
2026-02-26 04:09:42,369 | INFO | =========== RUN SUMMARY ===========
2026-02-26 04:09:42,369 | INFO | Rows selected: 1500
2026-02-26 04:09:42,369 | INFO | Rows completed: 1500
2026-02-26 04:09:42,369 | INFO | Processed (success/error): 1500/0
2026-02-26 04:09:42,369 | INFO | Avg confidence_overall: 0.347013
2026-02-26 04:09:42,369 | INFO | Total runtime: 1772104182.37s
2026-02-26 04:09:42,369 | INFO | ===================================
