2026-02-26 05:19:17,720 | INFO | Log file: results/logs/generated_sql_20260226_051917.log
2026-02-26 05:20:11,432 | INFO | Checkpoint saved at batch 1 (processed 50 since last save).
2026-02-26 05:20:12,617 | INFO | Checkpoint saved at batch 1 (processed 50 since last save).
2026-02-26 05:20:13,285 | INFO | Batch 1/12 processed=128 elapsed=55.49s throughput=2.31 rec/s completed=128/1500 success=128 error=0
2026-02-26 05:21:02,093 | INFO | Checkpoint saved at batch 2 (processed 50 since last save).
2026-02-26 05:21:03,286 | INFO | Checkpoint saved at batch 2 (processed 50 since last save).
2026-02-26 05:21:04,482 | INFO | Checkpoint saved at batch 2 (processed 50 since last save).
2026-02-26 05:21:04,614 | INFO | Batch 2/12 processed=128 elapsed=51.33s throughput=2.49 rec/s completed=256/1500 success=256 error=0
2026-02-26 05:21:52,892 | INFO | Checkpoint saved at batch 3 (processed 50 since last save).
2026-02-26 05:21:54,098 | INFO | Checkpoint saved at batch 3 (processed 50 since last save).
2026-02-26 05:21:54,854 | INFO | Batch 3/12 processed=128 elapsed=50.24s throughput=2.55 rec/s completed=384/1500 success=384 error=0
2026-02-26 05:22:45,846 | INFO | Checkpoint saved at batch 4 (processed 50 since last save).
2026-02-26 05:22:47,028 | INFO | Checkpoint saved at batch 4 (processed 50 since last save).
2026-02-26 05:22:48,324 | INFO | Checkpoint saved at batch 4 (processed 50 since last save).
2026-02-26 05:22:48,589 | INFO | Batch 4/12 processed=128 elapsed=53.73s throughput=2.38 rec/s completed=512/1500 success=512 error=0
2026-02-26 05:23:33,826 | INFO | Checkpoint saved at batch 5 (processed 50 since last save).
2026-02-26 05:23:35,054 | INFO | Checkpoint saved at batch 5 (processed 50 since last save).
2026-02-26 05:23:35,997 | INFO | Batch 5/12 processed=128 elapsed=47.41s throughput=2.70 rec/s completed=640/1500 success=640 error=0
2026-02-26 05:24:21,484 | INFO | Checkpoint saved at batch 6 (processed 50 since last save).
2026-02-26 05:24:22,726 | INFO | Checkpoint saved at batch 6 (processed 50 since last save).
2026-02-26 05:24:23,938 | INFO | Checkpoint saved at batch 6 (processed 50 since last save).
2026-02-26 05:24:24,343 | INFO | Batch 6/12 processed=128 elapsed=48.35s throughput=2.65 rec/s completed=768/1500 success=768 error=0
2026-02-26 05:25:11,456 | INFO | Checkpoint saved at batch 7 (processed 50 since last save).
2026-02-26 05:25:12,690 | INFO | Checkpoint saved at batch 7 (processed 50 since last save).
2026-02-26 05:25:13,737 | INFO | Batch 7/12 processed=128 elapsed=49.39s throughput=2.59 rec/s completed=896/1500 success=896 error=0
2026-02-26 05:25:59,941 | INFO | Checkpoint saved at batch 8 (processed 50 since last save).
2026-02-26 05:26:01,191 | INFO | Checkpoint saved at batch 8 (processed 50 since last save).
2026-02-26 05:26:02,439 | INFO | Checkpoint saved at batch 8 (processed 50 since last save).
2026-02-26 05:26:03,006 | INFO | Batch 8/12 processed=128 elapsed=49.27s throughput=2.60 rec/s completed=1024/1500 success=1024 error=0
2026-02-26 05:26:50,268 | INFO | Checkpoint saved at batch 9 (processed 50 since last save).
2026-02-26 05:26:51,546 | INFO | Checkpoint saved at batch 9 (processed 50 since last save).
2026-02-26 05:26:52,836 | INFO | Checkpoint saved at batch 9 (processed 50 since last save).
2026-02-26 05:26:52,881 | INFO | Batch 9/12 processed=128 elapsed=49.88s throughput=2.57 rec/s completed=1152/1500 success=1152 error=0
2026-02-26 05:27:39,349 | INFO | Checkpoint saved at batch 10 (processed 50 since last save).
2026-02-26 05:27:40,628 | INFO | Checkpoint saved at batch 10 (processed 50 since last save).
2026-02-26 05:27:41,340 | INFO | Batch 10/12 processed=128 elapsed=48.46s throughput=2.64 rec/s completed=1280/1500 success=1280 error=0
2026-02-26 05:28:29,445 | INFO | Checkpoint saved at batch 11 (processed 50 since last save).
2026-02-26 05:28:30,715 | INFO | Checkpoint saved at batch 11 (processed 50 since last save).
2026-02-26 05:28:31,960 | INFO | Checkpoint saved at batch 11 (processed 50 since last save).
2026-02-26 05:28:32,140 | INFO | Batch 11/12 processed=128 elapsed=50.80s throughput=2.52 rec/s completed=1408/1500 success=1408 error=0
2026-02-26 05:29:08,293 | INFO | Checkpoint saved at batch 12 (processed 50 since last save).
2026-02-26 05:29:09,564 | INFO | Checkpoint saved at batch 12 (processed 50 since last save).
2026-02-26 05:29:09,564 | INFO | Batch 12/12 processed=92 elapsed=37.42s throughput=2.46 rec/s completed=1500/1500 success=1500 error=0
2026-02-26 05:29:09,688 | INFO | =========== RUN SUMMARY ===========
2026-02-26 05:29:09,688 | INFO | Rows selected: 1500
2026-02-26 05:29:09,688 | INFO | Rows completed: 1500
2026-02-26 05:29:09,689 | INFO | Processed (success/error): 1500/0
2026-02-26 05:29:09,689 | INFO | Avg confidence_overall: 0.656993
2026-02-26 05:29:09,689 | INFO | Total runtime: 1772108949.69s
2026-02-26 05:29:09,689 | INFO | ===================================
