2026-02-26 05:45:57,893 | INFO | Log file: results/logs/generated_sql_20260226_054557.log
2026-02-26 05:47:29,223 | INFO | Checkpoint saved at batch 1 (processed 50 since last save).
2026-02-26 05:47:30,707 | INFO | Checkpoint saved at batch 1 (processed 50 since last save).
2026-02-26 05:47:31,327 | INFO | Batch 1/12 processed=128 elapsed=93.35s throughput=1.37 rec/s completed=128/1500 success=127 error=1
2026-02-26 05:48:57,621 | INFO | Checkpoint saved at batch 2 (processed 50 since last save).
2026-02-26 05:48:58,790 | INFO | Checkpoint saved at batch 2 (processed 50 since last save).
2026-02-26 05:48:59,987 | INFO | Checkpoint saved at batch 2 (processed 50 since last save).
2026-02-26 05:49:00,124 | INFO | Batch 2/12 processed=128 elapsed=88.80s throughput=1.44 rec/s completed=256/1500 success=253 error=3
2026-02-26 05:50:26,452 | INFO | Checkpoint saved at batch 3 (processed 50 since last save).
2026-02-26 05:50:27,678 | INFO | Checkpoint saved at batch 3 (processed 50 since last save).
2026-02-26 05:50:28,505 | INFO | Batch 3/12 processed=128 elapsed=88.38s throughput=1.45 rec/s completed=384/1500 success=381 error=3
2026-02-26 05:51:53,360 | INFO | Checkpoint saved at batch 4 (processed 50 since last save).
2026-02-26 05:51:54,570 | INFO | Checkpoint saved at batch 4 (processed 50 since last save).
2026-02-26 05:51:55,773 | INFO | Checkpoint saved at batch 4 (processed 50 since last save).
2026-02-26 05:51:56,042 | INFO | Batch 4/12 processed=128 elapsed=87.54s throughput=1.46 rec/s completed=512/1500 success=508 error=4
2026-02-26 05:53:21,809 | INFO | Checkpoint saved at batch 5 (processed 50 since last save).
2026-02-26 05:53:23,076 | INFO | Checkpoint saved at batch 5 (processed 50 since last save).
2026-02-26 05:53:23,983 | INFO | Batch 5/12 processed=128 elapsed=87.94s throughput=1.46 rec/s completed=640/1500 success=636 error=4
2026-02-26 05:54:50,046 | INFO | Checkpoint saved at batch 6 (processed 50 since last save).
2026-02-26 05:54:51,281 | INFO | Checkpoint saved at batch 6 (processed 50 since last save).
2026-02-26 05:54:52,516 | INFO | Checkpoint saved at batch 6 (processed 50 since last save).
2026-02-26 05:54:52,921 | INFO | Batch 6/12 processed=128 elapsed=88.94s throughput=1.44 rec/s completed=768/1500 success=762 error=6
2026-02-26 05:56:20,593 | INFO | Checkpoint saved at batch 7 (processed 50 since last save).
2026-02-26 05:56:21,828 | INFO | Checkpoint saved at batch 7 (processed 50 since last save).
2026-02-26 05:56:22,877 | INFO | Batch 7/12 processed=128 elapsed=89.96s throughput=1.42 rec/s completed=896/1500 success=889 error=7
2026-02-26 05:57:48,365 | INFO | Checkpoint saved at batch 8 (processed 50 since last save).
2026-02-26 05:57:49,614 | INFO | Checkpoint saved at batch 8 (processed 50 since last save).
2026-02-26 05:57:50,967 | INFO | Checkpoint saved at batch 8 (processed 50 since last save).
2026-02-26 05:57:51,529 | INFO | Batch 8/12 processed=128 elapsed=88.65s throughput=1.44 rec/s completed=1024/1500 success=1016 error=8
2026-02-26 05:59:17,662 | INFO | Checkpoint saved at batch 9 (processed 50 since last save).
2026-02-26 05:59:18,923 | INFO | Checkpoint saved at batch 9 (processed 50 since last save).
2026-02-26 05:59:20,222 | INFO | Checkpoint saved at batch 9 (processed 50 since last save).
2026-02-26 05:59:20,266 | INFO | Batch 9/12 processed=128 elapsed=88.74s throughput=1.44 rec/s completed=1152/1500 success=1143 error=9
2026-02-26 06:00:42,715 | INFO | Checkpoint saved at batch 10 (processed 50 since last save).
2026-02-26 06:00:43,978 | INFO | Checkpoint saved at batch 10 (processed 50 since last save).
2026-02-26 06:00:44,655 | INFO | Batch 10/12 processed=128 elapsed=84.39s throughput=1.52 rec/s completed=1280/1500 success=1271 error=9
2026-02-26 06:02:08,898 | INFO | Checkpoint saved at batch 11 (processed 50 since last save).
2026-02-26 06:02:10,201 | INFO | Checkpoint saved at batch 11 (processed 50 since last save).
2026-02-26 06:02:11,463 | INFO | Checkpoint saved at batch 11 (processed 50 since last save).
2026-02-26 06:02:11,643 | INFO | Batch 11/12 processed=128 elapsed=86.99s throughput=1.47 rec/s completed=1408/1500 success=1398 error=10
2026-02-26 06:03:14,694 | INFO | Checkpoint saved at batch 12 (processed 50 since last save).
2026-02-26 06:03:16,039 | INFO | Checkpoint saved at batch 12 (processed 50 since last save).
2026-02-26 06:03:16,039 | INFO | Batch 12/12 processed=92 elapsed=64.40s throughput=1.43 rec/s completed=1500/1500 success=1488 error=12
2026-02-26 06:03:16,192 | INFO | =========== RUN SUMMARY ===========
2026-02-26 06:03:16,192 | INFO | Rows selected: 1500
2026-02-26 06:03:16,192 | INFO | Rows completed: 1500
2026-02-26 06:03:16,192 | INFO | Processed (success/error): 1488/12
2026-02-26 06:03:16,192 | INFO | Avg confidence_overall: 0.002515
2026-02-26 06:03:16,192 | INFO | Total runtime: 1772110996.19s
2026-02-26 06:03:16,192 | INFO | ===================================
