[2026-02-24 19:51:03] starting batch run

=== batch prepare complete ===
batch_jsonl_path: /mnt/data1/srchowd3/MAYO_AIM2/data/decompose_batch_input_32.jsonl
batch_meta_path:  /mnt/data1/srchowd3/MAYO_AIM2/data/decompose_batch_meta_32.json
request_count:    32
skipped_rows:     0
submitted batch_id=batch_699e6398cc508190aff346d8dee819a4
[batch batch_699e6398cc508190aff346d8dee819a4] status=validating
[batch batch_699e6398cc508190aff346d8dee819a4] status=validating
[batch batch_699e6398cc508190aff346d8dee819a4] status=validating
[batch batch_699e6398cc508190aff346d8dee819a4] status=validating
[batch batch_699e6398cc508190aff346d8dee819a4] status=validating
[batch batch_699e6398cc508190aff346d8dee819a4] status=validating
[batch batch_699e6398cc508190aff346d8dee819a4] status=in_progress
[batch batch_699e6398cc508190aff346d8dee819a4] status=in_progress
[batch batch_699e6398cc508190aff346d8dee819a4] status=in_progress
[batch batch_699e6398cc508190aff346d8dee819a4] status=in_progress
[batch batch_699e6398cc508190aff346d8dee819a4] status=in_progress
[batch batch_699e6398cc508190aff346d8dee819a4] status=in_progress
[batch batch_699e6398cc508190aff346d8dee819a4] status=in_progress
[batch batch_699e6398cc508190aff346d8dee819a4] status=in_progress
[batch batch_699e6398cc508190aff346d8dee819a4] status=in_progress
[batch batch_699e6398cc508190aff346d8dee819a4] status=in_progress
[batch batch_699e6398cc508190aff346d8dee819a4] status=in_progress
[batch batch_699e6398cc508190aff346d8dee819a4] status=in_progress
[batch batch_699e6398cc508190aff346d8dee819a4] status=in_progress
[batch batch_699e6398cc508190aff346d8dee819a4] status=in_progress
[batch batch_699e6398cc508190aff346d8dee819a4] status=in_progress
[batch batch_699e6398cc508190aff346d8dee819a4] status=in_progress
[batch batch_699e6398cc508190aff346d8dee819a4] status=in_progress
[batch batch_699e6398cc508190aff346d8dee819a4] status=in_progress
[batch batch_699e6398cc508190aff346d8dee819a4] status=in_progress
[batch batch_699e6398cc508190aff346d8dee819a4] status=in_progress
[batch batch_699e6398cc508190aff346d8dee819a4] status=finalizing
[batch batch_699e6398cc508190aff346d8dee819a4] status=completed
downloaded batch output: /mnt/data1/srchowd3/MAYO_AIM2/data/decompose_batch_output_32.jsonl

=== batch collect complete ===
rows_total:      32
rows_ok:         0
rows_error:      32
rows_missing:    0
output_json:     /mnt/data1/srchowd3/MAYO_AIM2/data/natural_question_additional_200_decomposed_32.json
raw_output:      /mnt/data1/srchowd3/MAYO_AIM2/data/decompose_batch_raw_32.jsonl
[2026-02-24 19:55:40] finished rc=0
