[2026-02-24 21:40:24] starting batch run

=== batch prepare complete ===
batch_jsonl_path: /mnt/data1/srchowd3/MAYO_AIM2/data/decompose_batch_input_retry184_5128.jsonl
batch_meta_path:  /mnt/data1/srchowd3/MAYO_AIM2/data/decompose_batch_meta_retry184_5128.json
request_count:    184
skipped_rows:     0
submitted batch_id=batch_699e7d39fca881909aff5dcb807c61d8
[batch batch_699e7d39fca881909aff5dcb807c61d8] status=validating
[batch batch_699e7d39fca881909aff5dcb807c61d8] status=in_progress
[batch batch_699e7d39fca881909aff5dcb807c61d8] status=in_progress
[batch batch_699e7d39fca881909aff5dcb807c61d8] status=in_progress
[batch batch_699e7d39fca881909aff5dcb807c61d8] status=in_progress
[batch batch_699e7d39fca881909aff5dcb807c61d8] status=in_progress
[batch batch_699e7d39fca881909aff5dcb807c61d8] status=in_progress
[batch batch_699e7d39fca881909aff5dcb807c61d8] status=in_progress
[batch batch_699e7d39fca881909aff5dcb807c61d8] status=in_progress
[batch batch_699e7d39fca881909aff5dcb807c61d8] status=in_progress
[batch batch_699e7d39fca881909aff5dcb807c61d8] status=in_progress
[batch batch_699e7d39fca881909aff5dcb807c61d8] status=in_progress
[batch batch_699e7d39fca881909aff5dcb807c61d8] status=in_progress
[batch batch_699e7d39fca881909aff5dcb807c61d8] status=in_progress
[batch batch_699e7d39fca881909aff5dcb807c61d8] status=in_progress
[batch batch_699e7d39fca881909aff5dcb807c61d8] status=in_progress
[batch batch_699e7d39fca881909aff5dcb807c61d8] status=in_progress
[batch batch_699e7d39fca881909aff5dcb807c61d8] status=in_progress
[batch batch_699e7d39fca881909aff5dcb807c61d8] status=in_progress
[batch batch_699e7d39fca881909aff5dcb807c61d8] status=in_progress
[batch batch_699e7d39fca881909aff5dcb807c61d8] status=in_progress
[batch batch_699e7d39fca881909aff5dcb807c61d8] status=in_progress
[batch batch_699e7d39fca881909aff5dcb807c61d8] status=in_progress
[batch batch_699e7d39fca881909aff5dcb807c61d8] status=in_progress
[batch batch_699e7d39fca881909aff5dcb807c61d8] status=in_progress
[batch batch_699e7d39fca881909aff5dcb807c61d8] status=in_progress
[batch batch_699e7d39fca881909aff5dcb807c61d8] status=in_progress
[batch batch_699e7d39fca881909aff5dcb807c61d8] status=in_progress
[batch batch_699e7d39fca881909aff5dcb807c61d8] status=in_progress
[batch batch_699e7d39fca881909aff5dcb807c61d8] status=in_progress
[batch batch_699e7d39fca881909aff5dcb807c61d8] status=in_progress
[batch batch_699e7d39fca881909aff5dcb807c61d8] status=in_progress
[batch batch_699e7d39fca881909aff5dcb807c61d8] status=in_progress
[batch batch_699e7d39fca881909aff5dcb807c61d8] status=in_progress
[batch batch_699e7d39fca881909aff5dcb807c61d8] status=in_progress
[batch batch_699e7d39fca881909aff5dcb807c61d8] status=in_progress
[batch batch_699e7d39fca881909aff5dcb807c61d8] status=in_progress
[batch batch_699e7d39fca881909aff5dcb807c61d8] status=in_progress
[batch batch_699e7d39fca881909aff5dcb807c61d8] status=in_progress
[batch batch_699e7d39fca881909aff5dcb807c61d8] status=in_progress
[batch batch_699e7d39fca881909aff5dcb807c61d8] status=in_progress
[batch batch_699e7d39fca881909aff5dcb807c61d8] status=in_progress
[batch batch_699e7d39fca881909aff5dcb807c61d8] status=in_progress
[batch batch_699e7d39fca881909aff5dcb807c61d8] status=in_progress
[batch batch_699e7d39fca881909aff5dcb807c61d8] status=in_progress
[batch batch_699e7d39fca881909aff5dcb807c61d8] status=in_progress
[batch batch_699e7d39fca881909aff5dcb807c61d8] status=in_progress
[batch batch_699e7d39fca881909aff5dcb807c61d8] status=in_progress
[batch batch_699e7d39fca881909aff5dcb807c61d8] status=in_progress
[batch batch_699e7d39fca881909aff5dcb807c61d8] status=in_progress
[batch batch_699e7d39fca881909aff5dcb807c61d8] status=in_progress
[batch batch_699e7d39fca881909aff5dcb807c61d8] status=in_progress
[batch batch_699e7d39fca881909aff5dcb807c61d8] status=in_progress
[batch batch_699e7d39fca881909aff5dcb807c61d8] status=in_progress
[batch batch_699e7d39fca881909aff5dcb807c61d8] status=in_progress
[batch batch_699e7d39fca881909aff5dcb807c61d8] status=finalizing
[batch batch_699e7d39fca881909aff5dcb807c61d8] status=completed
downloaded batch output: /mnt/data1/srchowd3/MAYO_AIM2/data/decompose_batch_output_retry184_5128.jsonl

=== batch collect complete ===
rows_total:      184
rows_ok:         161
rows_error:      23
rows_missing:    0
output_json:     /mnt/data1/srchowd3/MAYO_AIM2/data/natural_question_additional_200_decomposed_retry184_5128.json
raw_output:      /mnt/data1/srchowd3/MAYO_AIM2/data/decompose_batch_raw_retry184_5128.jsonl
[2026-02-24 21:49:56] finished rc=0
