[2026-02-24 22:15:23] starting batch run

=== batch prepare complete ===
batch_jsonl_path: /mnt/data1/srchowd3/MAYO_AIM2/data/decompose_batch_input_final23_5128.jsonl
batch_meta_path:  /mnt/data1/srchowd3/MAYO_AIM2/data/decompose_batch_meta_final23_5128.json
request_count:    23
skipped_rows:     0
submitted batch_id=batch_699e856ccc548190b50ddbcb2744d7b2
[batch batch_699e856ccc548190b50ddbcb2744d7b2] status=validating
[batch batch_699e856ccc548190b50ddbcb2744d7b2] status=in_progress
[batch batch_699e856ccc548190b50ddbcb2744d7b2] status=in_progress
[batch batch_699e856ccc548190b50ddbcb2744d7b2] status=in_progress
[batch batch_699e856ccc548190b50ddbcb2744d7b2] status=in_progress
[batch batch_699e856ccc548190b50ddbcb2744d7b2] status=in_progress
[batch batch_699e856ccc548190b50ddbcb2744d7b2] status=in_progress
[batch batch_699e856ccc548190b50ddbcb2744d7b2] status=in_progress
[batch batch_699e856ccc548190b50ddbcb2744d7b2] status=in_progress
[batch batch_699e856ccc548190b50ddbcb2744d7b2] status=in_progress
[batch batch_699e856ccc548190b50ddbcb2744d7b2] status=in_progress
[batch batch_699e856ccc548190b50ddbcb2744d7b2] status=in_progress
[batch batch_699e856ccc548190b50ddbcb2744d7b2] status=in_progress
[batch batch_699e856ccc548190b50ddbcb2744d7b2] status=in_progress
[batch batch_699e856ccc548190b50ddbcb2744d7b2] status=in_progress
[batch batch_699e856ccc548190b50ddbcb2744d7b2] status=finalizing
[batch batch_699e856ccc548190b50ddbcb2744d7b2] status=completed
downloaded batch output: /mnt/data1/srchowd3/MAYO_AIM2/data/decompose_batch_output_final23_5128.jsonl

=== batch collect complete ===
rows_total:      23
rows_ok:         14
rows_error:      9
rows_missing:    0
output_json:     /mnt/data1/srchowd3/MAYO_AIM2/data/natural_question_additional_200_decomposed_final23_5128.json
raw_output:      /mnt/data1/srchowd3/MAYO_AIM2/data/decompose_batch_raw_final23_5128.jsonl
[2026-02-24 22:18:08] finished rc=0
